<?xml version="1.0" encoding="UTF-8"?>
<testsuite name="GenerateCpuNamesTest" tests="1" skipped="0" failures="0" errors="0" timestamp="2025-06-11T21:59:14.281Z" hostname="PC-SILA" time="0.048">
  <properties/>
  <testcase name="generateCpuNames_WhenValidCount_CorrectNumberOfUniqueNames()" classname="GenerateCpuNamesTest" time="0.048"/>
  <system-out><![CDATA[]]></system-out>
  <system-err><![CDATA[]]></system-err>
</testsuite>
